TURN # 1, P2 [ 1][ 1]
TURN # 1, P1 [ 2][ 2]
TURN # 2, P2 [ 6][ 7]
TURN # 2, P1 [ 4][ 5]
TURN # 3, P2 [ 8][ 3]
TURN # 3, P1 [ 3][ 3]
TURN # 4, P2 [ 5][ 5]
TURN # 4, P1 [ 1][ 8]
TURN # 5, P2 [ 8][ 9]
TURN # 5, P1 [ 9][ 1]
TURN # 6, P2 [ 3][ 8]
TURN # 6, P1 [ 7][ 1]
TURN # 7, P2 [ 2][ 3]
TURN # 7, P1 [10][ 4]
TURN # 8, P2 [ 4][ 2]
TURN # 8, P1 [ 7][ 4]
TURN # 9, P2 [ 4][ 5]
TURN # 9, P1 [ 4][ 1]
TURN #10, P2 [ 6][ 5]
TURN #10, P1 [ 1][ 4]
TURN #11, P2 [ 3][ 2]
TURN #11, P1 [ 6][ 6]
TURN #12, P2 [ 8][ 5]
TURN #12, P1 [ 6][ 7]
TURN #13, P2 [ 8][ 8]
TURN #13, P1 [ 6][ 8]
TURN #14, P2 [ 7][ 7]
TURN #14, P1 [ 6][ 9]
TURN #15, P2 [ 6][ 4]
TURN #15, P1 [ 1][ 2]
TURN #16, P2 [ 4][ 3]
TURN #16, P1 [10][ 8]
TURN #17, P2 [ 2][ 2]
TURN #17, P1 [ 3][10]
TURN #18, P2 [ 8][ 2]
TURN #18, P1 [ 3][ 9]
TURN #19, P2 [ 5][ 3]
TURN #19, P1 [ 3][ 8]
TURN #20, P2 [ 6][ 3]
TURN #20, P1 [ 3][ 7]
TURN #21, P2 [ 4][ 7]
TURN #21, P1 [ 1][ 1]
TURN #22, P2 [ 9][ 3]
TURN #22, P1 [ 1][ 3]
TURN #23, P2 [ 9][ 2]
TURN #23, P1 [ 1][ 5]
TURN #24, P2 [ 9][ 5]
TURN #24, P1 [ 1][ 7]
TURN #25, P2 [ 8][ 4]
TURN #25, P1 [ 1][ 9]
TURN #26, P2 [ 2][ 8]
TURN #26, P1 [ 1][10]
TURN #27, P2 [ 2][ 6]
TURN #27, P1 [ 1][ 6]
TURN #28, P2 [ 4][ 4]
TURN #28, P1 [ 2][ 6]
TURN #29, P2 [ 5][ 7]
TURN #29, P1 [ 3][ 6]
TURN #30, P2 [ 7][ 2]
TURN #30, P1 [ 5][ 3]
TURN #31, P2 [ 9][ 9]
TURN #31, P1 [ 5][ 2]
TURN #32, P2 [ 3][ 6]
TURN #32, P1 [ 5][ 1]
TURN #33, P2 [ 3][ 1]
TURN #33, P1 [ 5][ 4]
TURN #34, P2 [ 6][ 2]
TURN #34, P1 [ 6][ 2]
TURN #35, P2 [ 9][ 7]
TURN #35, P1 [ 7][ 2]
TURN #36, P2 [ 5][ 8]
TURN #36, P1 [ 8][ 2]
TURN #37, P2 [ 6][ 9]
TURN #37, P1 [ 9][ 2]
TURN #38, P2 [ 7][ 1]
TURN #38, P1 [ 4][ 2]
TURN #39, P2 [ 8][ 7]
TURN #39, P1 [ 6][ 3]
TURN #40, P2 [ 2][ 1]
TURN #40, P1 [ 7][ 3]
TURN #41, P2 [ 7][ 3]
TURN #41, P1 [ 8][ 3]
TURN #42, P2 [ 6][ 1]
TURN #42, P1 [ 4][ 3]
TURN #43, P2 [ 1][ 8]
TURN #43, P1 [ 9][ 5]
TURN #44, P2 [ 3][ 9]
TURN #44, P1 [ 8][ 6]
TURN #45, P2 [ 1][ 7]
TURN #45, P1 [ 7][ 7]
TURN #46, P2 [ 5][ 2]
TURN #46, P1 [ 7][ 6]
TURN #47, P2 [ 9][ 6]
TURN #47, P1 [ 7][ 8]
TURN #48, P2 [ 4][ 1]
TURN #48, P1 [ 7][ 9]
TURN #49, P2 [ 2][ 4]
TURN #49, P1 [ 7][10]
TURN #50, P2 [ 5][ 1]
TURN #50, P1 [ 9][ 9]
TURN #51, P2 [ 8][ 1]
TURN #51, P1 [ 9][ 7]
TURN #52, P2 [ 5][ 6]
TURN #52, P1 [10][ 2]
TURN #53, P2 [ 7][ 8]
TURN #53, P1 [10][ 6]
TURN #54, P2 [ 2][ 5]
TURN #54, P1 [ 7][ 5]
TURN #55, P2 [ 4][ 6]
TURN #55, P1 [ 8][ 9]
TURN #56, P2 [ 7][ 5]
TURN #56, P1 [ 2][ 4]
TURN #57, P2 [ 9][ 4]
TURN #57, P1 [ 2][ 9]
TURN #58, P2 [ 1][ 4]
TURN #58, P1 [ 4][ 8]
TURN #59, P2 [ 1][ 9]
TURN #59, P1 [ 4][ 7]
TURN #60, P2 [ 4][ 8]
TURN #60, P1 [ 4][ 9]



PLAYER STATS	,	PLAYER 1	,		PLAYER 2
total shots		,	60			,		60
total hits		,	17			,		10
total misses	,	43			,		50
Hits/misses		,	28.33%		,		16.67%
					WIN			,		LOSS